<?xml version="1.0" encoding="UTF-8"?>
<!-- Generated by org.testng.reporters.JUnitReportReporter -->
<testsuite hostname="LAPTOP-79JCM0AS" failures="0" tests="1" name="com.crm.qa.tests.jobSupportTest" time="20.276" errors="0" timestamp="31 May 2022 15:09:04 GMT" skipped="0">
  <testcase classname="com.crm.qa.tests.jobSupportTest" name="usernameentry" time="20.276"/>
</testsuite> <!-- com.crm.qa.tests.jobSupportTest -->
