<?xml version="1.0" encoding="UTF-8"?>
<!-- Generated by org.testng.reporters.JUnitReportReporter -->
<testsuite hostname="LAPTOP-79JCM0AS" failures="0" tests="3" name="com.crm.qa.tests.SignUpTest" time="22.352" errors="0" timestamp="31 May 2022 15:09:04 GMT" skipped="0">
  <testcase classname="com.crm.qa.tests.SignUpTest" name="validatePageLogo" time="5.894"/>
  <testcase classname="com.crm.qa.tests.SignUpTest" name="logininitate" time="8.140"/>
  <testcase classname="com.crm.qa.tests.SignUpTest" name="loginPage" time="8.318"/>
</testsuite> <!-- com.crm.qa.tests.SignUpTest -->
