<?xml version="1.0" encoding="UTF-8"?>
<!-- Generated by org.testng.reporters.JUnitReportReporter -->
<testsuite hostname="LAPTOP-79JCM0AS" failures="0" tests="3" name="com.crm.qa.tests.HomePageTest" time="42.984" errors="0" timestamp="31 May 2022 15:09:04 GMT" skipped="0">
  <testcase classname="com.crm.qa.tests.HomePageTest" name="cousename" time="12.954"/>
  <testcase classname="com.crm.qa.tests.HomePageTest" name="validateserch" time="12.325"/>
  <testcase classname="com.crm.qa.tests.HomePageTest" name="serchicon" time="17.705"/>
</testsuite> <!-- com.crm.qa.tests.HomePageTest -->
