<?xml version="1.0" encoding="UTF-8"?>
<!-- Generated by org.testng.reporters.JUnitReportReporter -->
<testsuite hostname="LAPTOP-79JCM0AS" failures="0" tests="3" name="com.crm.qa.tests.aboutTest" time="44.974" errors="0" timestamp="31 May 2022 15:09:04 GMT" skipped="0">
  <testcase classname="com.crm.qa.tests.aboutTest" name="validatecoursename" time="15.100"/>
  <testcase classname="com.crm.qa.tests.aboutTest" name="validatecoursename2" time="13.660"/>
  <testcase classname="com.crm.qa.tests.aboutTest" name="nextPage" time="16.214"/>
</testsuite> <!-- com.crm.qa.tests.aboutTest -->
