<?xml version="1.0" encoding="UTF-8"?>
<!-- Generated by org.testng.reporters.JUnitReportReporter -->
<testsuite hostname="LAPTOP-79JCM0AS" failures="0" tests="4" name="com.crm.qa.tests.contactTest" time="30.756" errors="0" timestamp="26 May 2022 18:25:15 GMT" skipped="0">
  <testcase classname="com.crm.qa.tests.contactTest" name="dataexcel" time="7.367"/>
  <testcase classname="com.crm.qa.tests.contactTest" name="dataexcel" time="7.953"/>
  <testcase classname="com.crm.qa.tests.contactTest" name="dataexcel" time="7.746"/>
  <testcase classname="com.crm.qa.tests.contactTest" name="dataexcel" time="7.690"/>
</testsuite> <!-- com.crm.qa.tests.contactTest -->
