<?xml version="1.0" encoding="UTF-8"?>
<!-- Generated by org.testng.reporters.JUnitReportReporter -->
<testsuite hostname="LAPTOP-79JCM0AS" failures="0" tests="2" name="com.crm.qa.tests.RejisterPageTest" time="40.280" errors="0" timestamp="31 May 2022 15:09:04 GMT" skipped="0">
  <testcase classname="com.crm.qa.tests.RejisterPageTest" name="joblinkclick" time="18.940"/>
  <testcase classname="com.crm.qa.tests.RejisterPageTest" name="titleofpage" time="21.340"/>
</testsuite> <!-- com.crm.qa.tests.RejisterPageTest -->
